<?xml version="1.0" encoding="UTF-8"?>
<testsuite xmlns:xsi="http://www.w3.org/2001/XMLSchema-instance" xsi:noNamespaceSchemaLocation="https://maven.apache.org/surefire/maven-surefire-plugin/xsd/surefire-test-report.xsd" name="TestSuite" time="40.542" tests="64" errors="0" skipped="0" failures="0">
  <properties>
[...]
</properties>
  <testcase name="checkstatuscode" classname="ApiBooker.Get" time="0.005"/>
  <testcase name="checkbody" classname="ApiBooker.Get" time="0.63"/>
  <testcase name="checkstatusline" classname="ApiBooker.Get" time="0"/>
  <testcase name="checkheader" classname="ApiBooker.Get" time="0.001"/>
  <testcase name="checkstatuscode" classname="ApiBooker.GetBooking" time="0.001"/>
  <testcase name="checkbody" classname="ApiBooker.GetBooking" time="0.272"/>
  <testcase name="checkstatusline" classname="ApiBooker.GetBooking" time="0"/>
  <testcase name="checkheader" classname="ApiBooker.GetBooking" time="0"/>
  <testcase name="checkstatus" classname="ApiBooker.CreateBooker" time="0"/>
  <testcase name="checkbody" classname="ApiBooker.CreateBooker" time="0.001"/>
  <testcase name="checkheader" classname="ApiBooker.CreateBooker" time="0.001"/>
  <testcase name="checkstatusline" classname="ApiBooker.CreateBooker" time="0.001"/>
  <testcase name="checkstatuscode" classname="ApiBooker.DeleteBooking" time="0"/>
  <testcase name="checkbody" classname="ApiBooker.DeleteBooking" time="0.002"/>
  <testcase name="checkstatusline" classname="ApiBooker.DeleteBooking" time="0"/>
  <testcase name="checkheader" classname="ApiBooker.DeleteBooking" time="0.001"/>
  <testcase name="putdata" classname="ApiBooker.PUTBOOKER" time="1.699"/>
  <testcase name="putdata" classname="ApiBooker.PUTBOOKER" time="1.651"/>
  <testcase name="putdata" classname="ApiBooker.PUTBOOKER" time="2.59"/>
  <testcase name="putdata" classname="ApiBooker.PUTBOOKER" time="1.669"/>
  <testcase name="putdata" classname="ApiBooker.PUTBOOKER" time="1.936"/>
  <testcase name="putdata" classname="ApiBooker.PUTBOOKER" time="1.781"/>
  <testcase name="checkstatuscode" classname="ApiBooker.PUTBOOKER" time="0"/>
  <testcase name="checkbody" classname="ApiBooker.PUTBOOKER" time="0.022"/>
  <testcase name="checkstatusline" classname="ApiBooker.PUTBOOKER" time="0"/>
  <testcase name="checkheader" classname="ApiBooker.PUTBOOKER" time="0"/>
  <testcase name="post" classname="SwaggerApi.PostPet" time="1"/>
  <testcase name="post" classname="SwaggerApi.PostPet" time="0.993"/>
  <testcase name="post" classname="SwaggerApi.PostPet" time="0.892"/>
  <testcase name="checkstatus" classname="SwaggerApi.PostPet" time="0.001"/>
  <testcase name="ceckbody" classname="SwaggerApi.PostPet" time="0.027"/>
  <testcase name="checkheader" classname="SwaggerApi.PostPet" time="0.001"/>
  <testcase name="checkstatusline" classname="SwaggerApi.PostPet" time="0"/>
  <testcase name="post" classname="SwaggerApi.PostStore" time="0.851"/>
  <testcase name="post" classname="SwaggerApi.PostStore" time="1.08"/>
  <testcase name="post" classname="SwaggerApi.PostStore" time="0.835"/>
  <testcase name="checkstatus" classname="SwaggerApi.PostStore" time="0.001"/>
  <testcase name="ceckbody" classname="SwaggerApi.PostStore" time="0.013"/>
  <testcase name="checkheader" classname="SwaggerApi.PostStore" time="0"/>
  <testcase name="checkstatusline" classname="SwaggerApi.PostStore" time="0"/>
  <testcase name="post" classname="SwaggerApi.PostUser" time="0.884"/>
  <testcase name="post" classname="SwaggerApi.PostUser" time="0.847"/>
  <testcase name="post" classname="SwaggerApi.PostUser" time="0.834"/>
  <testcase name="post" classname="SwaggerApi.PostUser" time="0.88"/>
  <testcase name="post" classname="SwaggerApi.PostUser" time="0.875"/>
  <testcase name="post" classname="SwaggerApi.PostUser" time="0.877"/>
  <testcase name="post" classname="SwaggerApi.PostUser" time="0.908"/>
  <testcase name="post" classname="SwaggerApi.PostUser" time="0.837"/>
  <testcase name="post" classname="SwaggerApi.PostUser" time="0.83"/>
  <testcase name="post" classname="SwaggerApi.PostUser" time="0.856"/>
  <testcase name="post" classname="SwaggerApi.PostUser" time="0.841"/>
  <testcase name="post" classname="SwaggerApi.PostUser" time="0.82"/>
  <testcase name="post" classname="SwaggerApi.PostUser" time="0.865"/>
  <testcase name="checkstatus" classname="SwaggerApi.PostUser" time="0.002"/>
  <testcase name="ceckbody" classname="SwaggerApi.PostUser" time="0.026"/>
  <testcase name="checkheader" classname="SwaggerApi.PostUser" time="0.001"/>
  <testcase name="checkstatusline" classname="SwaggerApi.PostUser" time="0"/>
  <testcase name="post" classname="SwaggerApi.Putpet" time="0.864"/>
  <testcase name="post" classname="SwaggerApi.Putpet" time="0.871"/>
  <testcase name="post" classname="SwaggerApi.Putpet" time="0.847"/>
  <testcase name="checkstatus" classname="SwaggerApi.Putpet" time="0.002"/>
  <testcase name="ceckbody" classname="SwaggerApi.Putpet" time="0.023"/>
  <testcase name="checkheader" classname="SwaggerApi.Putpet" time="0"/>
  <testcase name="checkstatusline" classname="SwaggerApi.Putpet" time="0.001"/>
</testsuite>