<?xml version="1.0" encoding="UTF-8"?>
<!-- Generated by org.testng.reporters.JUnitXMLReporter -->
<testsuite ignored="0" hostname="DESKTOP-DIA066U" failures="0" tests="64" name="test" time="39.861" errors="0" timestamp="2022-04-25T16:58:00 EET">
  <testcase classname="ApiBooker.Get" name="checkstatuscode" time="0.004"/>
  <testcase classname="ApiBooker.Get" name="checkbody" time="0.63"/>
  <testcase classname="ApiBooker.Get" name="checkstatusline" time="0.001"/>
  <testcase classname="ApiBooker.Get" name="checkheader" time="0.0"/>
  <testcase classname="ApiBooker.GetBooking" name="checkstatuscode" time="0.0"/>
  <testcase classname="ApiBooker.GetBooking" name="checkbody" time="0.272"/>
  <testcase classname="ApiBooker.GetBooking" name="checkstatusline" time="0.001"/>
  <testcase classname="ApiBooker.GetBooking" name="checkheader" time="0.0"/>
  <testcase classname="ApiBooker.CreateBooker" name="checkstatus" time="0.001"/>
  <testcase classname="ApiBooker.CreateBooker" name="checkbody" time="0.001"/>
  <testcase classname="ApiBooker.CreateBooker" name="checkheader" time="0.001"/>
  <testcase classname="ApiBooker.CreateBooker" name="checkstatusline" time="0.0"/>
  <testcase classname="ApiBooker.DeleteBooking" name="checkstatuscode" time="0.0"/>
  <testcase classname="ApiBooker.DeleteBooking" name="checkbody" time="0.001"/>
  <testcase classname="ApiBooker.DeleteBooking" name="checkstatusline" time="0.001"/>
  <testcase classname="ApiBooker.DeleteBooking" name="checkheader" time="0.0"/>
  <testcase classname="ApiBooker.PUTBOOKER" name="putdata" time="1.699"/>
  <testcase classname="ApiBooker.PUTBOOKER" name="putdata" time="1.651"/>
  <testcase classname="ApiBooker.PUTBOOKER" name="putdata" time="2.59"/>
  <testcase classname="ApiBooker.PUTBOOKER" name="putdata" time="1.669"/>
  <testcase classname="ApiBooker.PUTBOOKER" name="putdata" time="1.936"/>
  <testcase classname="ApiBooker.PUTBOOKER" name="putdata" time="1.781"/>
  <testcase classname="ApiBooker.PUTBOOKER" name="checkstatuscode" time="0.0"/>
  <testcase classname="ApiBooker.PUTBOOKER" name="checkbody" time="0.021"/>
  <testcase classname="ApiBooker.PUTBOOKER" name="checkstatusline" time="0.001"/>
  <testcase classname="ApiBooker.PUTBOOKER" name="checkheader" time="0.001"/>
  <testcase classname="SwaggerApi.PostPet" name="post" time="0.999"/>
  <testcase classname="SwaggerApi.PostPet" name="post" time="0.992"/>
  <testcase classname="SwaggerApi.PostPet" name="post" time="0.892"/>
  <testcase classname="SwaggerApi.PostPet" name="checkstatus" time="0.0"/>
  <testcase classname="SwaggerApi.PostPet" name="ceckbody" time="0.026"/>
  <testcase classname="SwaggerApi.PostPet" name="checkheader" time="0.0"/>
  <testcase classname="SwaggerApi.PostPet" name="checkstatusline" time="0.001"/>
  <testcase classname="SwaggerApi.PostStore" name="post" time="0.85"/>
  <testcase classname="SwaggerApi.PostStore" name="post" time="1.08"/>
  <testcase classname="SwaggerApi.PostStore" name="post" time="0.836"/>
  <testcase classname="SwaggerApi.PostStore" name="checkstatus" time="0.0"/>
  <testcase classname="SwaggerApi.PostStore" name="ceckbody" time="0.013"/>
  <testcase classname="SwaggerApi.PostStore" name="checkheader" time="0.0"/>
  <testcase classname="SwaggerApi.PostStore" name="checkstatusline" time="0.0"/>
  <testcase classname="SwaggerApi.PostUser" name="post" time="0.883"/>
  <testcase classname="SwaggerApi.PostUser" name="post" time="0.847"/>
  <testcase classname="SwaggerApi.PostUser" name="post" time="0.835"/>
  <testcase classname="SwaggerApi.PostUser" name="post" time="0.881"/>
  <testcase classname="SwaggerApi.PostUser" name="post" time="0.875"/>
  <testcase classname="SwaggerApi.PostUser" name="post" time="0.877"/>
  <testcase classname="SwaggerApi.PostUser" name="post" time="0.908"/>
  <testcase classname="SwaggerApi.PostUser" name="post" time="0.838"/>
  <testcase classname="SwaggerApi.PostUser" name="post" time="0.83"/>
  <testcase classname="SwaggerApi.PostUser" name="post" time="0.856"/>
  <testcase classname="SwaggerApi.PostUser" name="post" time="0.841"/>
  <testcase classname="SwaggerApi.PostUser" name="post" time="0.82"/>
  <testcase classname="SwaggerApi.PostUser" name="post" time="0.864"/>
  <testcase classname="SwaggerApi.PostUser" name="checkstatus" time="0.001"/>
  <testcase classname="SwaggerApi.PostUser" name="ceckbody" time="0.027"/>
  <testcase classname="SwaggerApi.PostUser" name="checkheader" time="0.0"/>
  <testcase classname="SwaggerApi.PostUser" name="checkstatusline" time="0.001"/>
  <testcase classname="SwaggerApi.Putpet" name="post" time="0.863"/>
  <testcase classname="SwaggerApi.Putpet" name="post" time="0.871"/>
  <testcase classname="SwaggerApi.Putpet" name="post" time="0.846"/>
  <testcase classname="SwaggerApi.Putpet" name="checkstatus" time="0.001"/>
  <testcase classname="SwaggerApi.Putpet" name="ceckbody" time="0.023"/>
  <testcase classname="SwaggerApi.Putpet" name="checkheader" time="0.0"/>
  <testcase classname="SwaggerApi.Putpet" name="checkstatusline" time="0.0"/>
</testsuite> <!-- test -->
